Build started 9/20/2016 12:21:21.
     1>Project "C:\Users\ahmed\Desktop\University work\Semester 2\Computer_Programming\Programs\Pointers\Pointers\Pointers\Pointers.vcxproj" on node 2 (Build target(s)).
     1>ClCompile:
         C:\Program Files (x86)\Microsoft Visual Studio 12.0\VC\bin\CL.exe /c /ZI /nologo /W3 /WX- /sdl /Od /Oy- /D WIN32 /D _DEBUG /D _CONSOLE /D _LIB /D _UNICODE /D UNICODE /Gm /EHsc /RTC1 /MDd /GS /fp:precise /Zc:wchar_t /Zc:forScope /Yu"stdafx.h" /Fp"Debug\Pointers.pch" /Fo"Debug\\" /Fd"Debug\vc120.pdb" /Gd /TP /analyze- /errorReport:prompt Pointers.cpp
         Pointers.cpp
     1>c:\users\ahmed\desktop\university work\semester 2\computer_programming\programs\pointers\pointers\pointers\pointers.cpp(4): warning C4627: '#include <iostream>': skipped when looking for precompiled header use
                 Add directive to 'stdafx.h' or rebuild precompiled header
     1>c:\users\ahmed\desktop\university work\semester 2\computer_programming\programs\pointers\pointers\pointers\pointers.cpp(14): error C2065: 'cout' : undeclared identifier
     1>c:\users\ahmed\desktop\university work\semester 2\computer_programming\programs\pointers\pointers\pointers\pointers.cpp(15): error C3861: 'system': identifier not found
     1>Done Building Project "C:\Users\ahmed\Desktop\University work\Semester 2\Computer_Programming\Programs\Pointers\Pointers\Pointers\Pointers.vcxproj" (Build target(s)) -- FAILED.

Build FAILED.

Time Elapsed 00:00:00.23
